<?xml version='1.0' encoding='UTF-8'?>
<testsuite hostname="DESKTOP-OMB0OF9" name="PyramidServiceSpec" tests="4" errors="0" failures="0" skipped="0" time="0.01" timestamp="2021-11-06T19:05:23">
          <properties>
      <property name="java.specification.version" value="17"/><property name="sun.cpu.isalist" value="amd64"/><property name="sun.jnu.encoding" value="Cp1251"/><property name="sun.arch.data.model" value="64"/><property name="java.vendor.url" value="https://bell-sw.com/"/><property name="sun.boot.library.path" value="C:\Program Files\BellSoft\LibericaJDK-17\bin"/><property name="sun.java.command" value="xsbt.boot.Boot"/><property name="jdk.debug" value="release"/><property name="sun.stderr.encoding" value="cp866"/><property name="java.specification.vendor" value="Oracle Corporation"/><property name="java.version.date" value="2021-10-19"/><property name="java.home" value="C:\Program Files\BellSoft\LibericaJDK-17"/><property name="file.separator" value="\"/><property name="java.vm.compressedOopsMode" value="32-bit"/><property name="line.separator" value="
"/><property name="sun.stdout.encoding" value="cp866"/><property name="java.vm.specification.vendor" value="Oracle Corporation"/><property name="java.specification.name" value="Java Platform API Specification"/><property name="user.script" value=""/><property name="sun.management.compiler" value="HotSpot 64-Bit Tiered Compilers"/><property name="java.runtime.version" value="17.0.1+12-LTS"/><property name="user.name" value="vital"/><property name="log4j.ignoreTCL" value="true"/><property name="file.encoding" value="UTF-8"/><property name="jnidispatch.path" value="C:\Users\vital\AppData\Local\Temp\jna-112218124\jna1730599294777274007.dll"/><property name="jna.loaded" value="true"/><property name="java.io.tmpdir" value="C:\Users\vital\AppData\Local\Temp\"/><property name="java.version" value="17.0.1"/><property name="java.vm.specification.name" value="Java Virtual Machine Specification"/><property name="sun.os.patch.level" value=""/><property name="native.encoding" value="Cp1251"/><property name="java.library.path" value="C:\Program Files\BellSoft\LibericaJDK-17\bin;C:\Windows\Sun\Java\bin;C:\Windows\system32;C:\Windows;C:\Program Files\BellSoft\LibericaJDK-17\\bin;C:\Program Files\BellSoft\LibericaJDK-17\bin\;C:\Program Files\BellSoft\LibericaJDK-11\bin\;C:\ProgramData\Oracle\Java\javapath;C:\Program Files\Common Files\Oracle\Java\javapath;C:\Program Files (x86)\Common Files\Oracle\Java\javapath;C:\Program Files (x86)\NVIDIA Corporation\PhysX\Common;C:\Windows\system32;C:\Windows;C:\Windows\System32\Wbem;C:\Windows\System32\WindowsPowerShell\v1.0\;C:\Windows\System32\OpenSSH\;C:\Program Files (x86)\MKVtoolnix;C:\Program Files\dotnet\;C:\Program Files\Git\cmd;C:\Users\vital\scoop\shims;C:\Users\vital\AppData\Local\Microsoft\WindowsApps;C:\Users\vital\.dotnet\tools;."/><property name="java.vendor" value="BellSoft"/><property name="scala.ext.dirs" value="C:\Users\vital\.sbt\1.0\java9-rt-ext-bellsoft_17_0_1"/><property name="sun.io.unicode.encoding" value="UnicodeLittle"/><property name="java.class.path" value="C:\Users\vital\scoop\apps\sbt\current\bin\sbt-launch.jar"/><property name="java.vm.vendor" value="BellSoft"/><property name="user.variant" value=""/><property name="jline.shutdownhook" value="false"/><property name="user.timezone" value="Europe/Moscow"/><property name="java.vm.specification.version" value="17"/><property name="os.name" value="Windows 10"/><property name="sun.java.launcher" value="SUN_STANDARD"/><property name="user.country" value="RU"/><property name="sun.cpu.endian" value="little"/><property name="user.home" value="C:\Users\vital"/><property name="user.language" value="ru"/><property name="swoval.tmpdir" value="C:\Users\vital\.sbt\1.0"/><property name="jline.esc.timeout" value="0"/><property name="path.separator" value=";"/><property name="os.version" value="10.0"/><property name="jna.nosys" value="true"/><property name="java.runtime.name" value="OpenJDK Runtime Environment"/><property name="java.vm.name" value="OpenJDK 64-Bit Server VM"/><property name="java.vendor.url.bug" value="https://bell-sw.com/support"/><property name="user.dir" value="B:\Scala\Homework_1"/><property name="os.arch" value="amd64"/><property name="java.vm.info" value="mixed mode, sharing"/><property name="java.vm.version" value="17.0.1+12-LTS"/><property name="java.class.version" value="61.0"/>
    </properties>
          <testcase classname="PyramidServiceSpec" name="PyramidService should calculate area for given pyramid data" time="0.01">
                      
                    </testcase><testcase classname="PyramidServiceSpec" name="PyramidService should return zero if length is zero" time="0.0">
                      
                    </testcase><testcase classname="PyramidServiceSpec" name="PyramidService should return zero if width is zero" time="0.0">
                      
                    </testcase><testcase classname="PyramidServiceSpec" name="PyramidService should return zero height is zero" time="0.0">
                      
                    </testcase>
          <system-out><![CDATA[]]></system-out>
          <system-err><![CDATA[]]></system-err>
        </testsuite>